+__rvm_make:0> make install
generating x86_64-darwin16-fake.rb
x86_64-darwin16-fake.rb updated
	CC = gcc
	LD = ld
	LDSHARED = gcc -dynamiclib
	CFLAGS = -O3 -fno-fast-math -ggdb3 -Wall -Wextra -Wno-unused-parameter -Wno-parentheses -Wno-long-long -Wno-missing-field-initializers -Wno-tautological-compare -Wno-parentheses-equality -Wno-constant-logical-operand -Wno-self-assign -Wunused-variable -Wimplicit-int -Wpointer-arith -Wwrite-strings -Wdeclaration-after-statement -Wshorten-64-to-32 -Wimplicit-function-declaration -Wdivision-by-zero -Wdeprecated-declarations -Wextra-tokens   -fno-common -pipe 
	XCFLAGS = -D_FORTIFY_SOURCE=2 -fstack-protector -fno-strict-overflow -fvisibility=hidden -DRUBY_EXPORT
	CPPFLAGS = -I/usr/local/Cellar/libyaml/0.1.7/include -I/usr/local/Cellar/readline/7.0.3_1/include -I/usr/local/Cellar/libksba/1.3.5/include -I/usr/local/Cellar/openssl@1.1/1.1.0f/include -D_XOPEN_SOURCE -D_DARWIN_C_SOURCE -D_DARWIN_UNLIMITED_SELECT -D_REENTRANT   -I. -I.ext/include/x86_64-darwin16 -I./include -I. -I./enc/unicode/9.0.0
	DLDFLAGS = -Wl,-undefined,dynamic_lookup -Wl,-multiply_defined,suppress -L/usr/local/Cellar/libyaml/0.1.7/lib -L/usr/local/Cellar/readline/7.0.3_1/lib -L/usr/local/Cellar/libksba/1.3.5/lib -L/usr/local/Cellar/openssl@1.1/1.1.0f/lib -install_name /Users/LRM/.rvm/rubies/ruby-2.4.0/lib/libruby.2.4.0.dylib -compatibility_version 2.4 -current_version 2.4.0  -fstack-protector -Wl,-u,_objc_msgSend -framework CoreFoundation  -fstack-protector -Wl,-u,_objc_msgSend -framework CoreFoundation  
	SOLIBS = -lpthread -ldl -lobjc 
Configured with: --prefix=/Applications/Xcode.app/Contents/Developer/usr --with-gxx-include-dir=/Applications/Xcode.app/Contents/Developer/Platforms/MacOSX.platform/Developer/SDKs/MacOSX10.12.sdk/usr/include/c++/4.2.1
Apple LLVM version 8.1.0 (clang-802.0.42)
Target: x86_64-apple-darwin16.7.0
Thread model: posix
InstalledDir: /Applications/Xcode.app/Contents/Developer/Toolchains/XcodeDefault.xctoolchain/usr/bin
generating enc.mk
making srcs under enc
make[1]: Nothing to be done for `srcs'.
generating transdb.h
transdb.h unchanged
generating makefile exts.mk
*** Following extensions failed to configure:
../.././ext/gdbm/extconf.rb:0: Failed to configure gdbm. It will not be installed.
*** Fix the problems, then remove these directories and try again if you want.
make[2]: `ruby' is up to date.
making enc
make[1]: Nothing to be done for `enc'.
making trans
make[1]: Nothing to be done for `./enc/trans'.
making encs
make[1]: Nothing to be done for `encs'.
./miniruby -I./lib -I. -I.ext/common  ./tool/runruby.rb --extout=.ext  -- --disable-gems -r./x86_64-darwin16-fake ./tool/rbinstall.rb --make="/Applications/Xcode.app/Contents/Developer/usr/bin/make" --dest-dir="" --extout=".ext" --mflags="" --make-flags="" --data-mode=0644 --prog-mode=0755 --installed-list .installed.list --mantype="doc"
/Users/LRM/.rvm/src/ruby-2.4.0/lib/rubygems/core_ext/kernel_require.rb:55:in `require': dlopen(/Users/LRM/.rvm/src/ruby-2.4.0/.ext/x86_64-darwin16/openssl.bundle, 9): Library not loaded: /usr/local/opt/openssl@1.1/lib/libssl.1.1.dylib (LoadError)
  Referenced from: /Users/LRM/.rvm/src/ruby-2.4.0/.ext/x86_64-darwin16/openssl.bundle
  Reason: image not found - /Users/LRM/.rvm/src/ruby-2.4.0/.ext/x86_64-darwin16/openssl.bundle
	from /Users/LRM/.rvm/src/ruby-2.4.0/lib/rubygems/core_ext/kernel_require.rb:55:in `require'
	from /Users/LRM/.rvm/src/ruby-2.4.0/.ext/common/openssl.rb:13:in `<top (required)>'
	from /Users/LRM/.rvm/src/ruby-2.4.0/lib/rubygems/core_ext/kernel_require.rb:55:in `require'
	from /Users/LRM/.rvm/src/ruby-2.4.0/lib/rubygems/core_ext/kernel_require.rb:55:in `require'
	from /Users/LRM/.rvm/src/ruby-2.4.0/lib/rubygems/security.rb:12:in `<top (required)>'
	from /Users/LRM/.rvm/src/ruby-2.4.0/lib/rubygems/core_ext/kernel_require.rb:55:in `require'
	from /Users/LRM/.rvm/src/ruby-2.4.0/lib/rubygems/core_ext/kernel_require.rb:55:in `require'
	from /Users/LRM/.rvm/src/ruby-2.4.0/lib/rubygems/package.rb:44:in `<top (required)>'
	from /Users/LRM/.rvm/src/ruby-2.4.0/lib/rubygems/core_ext/kernel_require.rb:55:in `require'
	from /Users/LRM/.rvm/src/ruby-2.4.0/lib/rubygems/core_ext/kernel_require.rb:55:in `require'
	from /Users/LRM/.rvm/src/ruby-2.4.0/lib/rubygems/installer.rb:10:in `<top (required)>'
	from /Users/LRM/.rvm/src/ruby-2.4.0/lib/rubygems/core_ext/kernel_require.rb:55:in `require'
	from /Users/LRM/.rvm/src/ruby-2.4.0/lib/rubygems/core_ext/kernel_require.rb:55:in `require'
	from ./tool/rbinstall.rb:653:in `<module:RbInstall>'
	from ./tool/rbinstall.rb:596:in `<main>'
make: *** [do-install-nodoc] Error 1
+__rvm_make:0> return 2
